INFO 2022-06-02 09:37:15,968 autoreload:637 Watching for file changes with StatReloader
INFO 2022-06-02 09:37:40,369 basehttp:161 "GET / HTTP/1.1" 200 10697
INFO 2022-06-02 09:37:40,388 basehttp:161 "GET /static/admin/css/fonts.css HTTP/1.1" 304 0
INFO 2022-06-02 09:37:40,523 basehttp:161 "GET /static/admin/fonts/Roboto-Bold-webfont.woff HTTP/1.1" 304 0
INFO 2022-06-02 09:37:40,523 basehttp:161 "GET /static/admin/fonts/Roboto-Regular-webfont.woff HTTP/1.1" 304 0
INFO 2022-06-02 09:37:40,523 basehttp:161 "GET /static/admin/fonts/Roboto-Light-webfont.woff HTTP/1.1" 304 0
INFO 2022-06-02 10:49:30,625 autoreload:637 Watching for file changes with StatReloader
INFO 2022-06-02 10:49:39,132 autoreload:251 C:\Users\blde\Desktop\Dandelion_light\fuguangapi\fuguangapi\settings\dev.py changed, reloading.
INFO 2022-06-02 10:49:39,772 autoreload:637 Watching for file changes with StatReloader
INFO 2022-06-02 10:52:21,858 autoreload:251 C:\Users\blde\Desktop\Dandelion_light\fuguangapi\fuguangapi\settings\dev.py changed, reloading.
INFO 2022-06-02 10:52:22,543 autoreload:637 Watching for file changes with StatReloader
INFO 2022-06-02 10:58:02,376 autoreload:251 C:\Users\blde\Desktop\Dandelion_light\fuguangapi\fuguangapi\urls.py changed, reloading.
INFO 2022-06-02 10:58:02,970 autoreload:637 Watching for file changes with StatReloader
INFO 2022-06-02 10:58:17,660 autoreload:251 C:\Users\blde\Desktop\Dandelion_light\fuguangapi\fuguangapi\urls.py changed, reloading.
INFO 2022-06-02 10:58:18,203 autoreload:637 Watching for file changes with StatReloader
INFO 2022-06-02 11:03:36,331 autoreload:251 C:\Users\blde\Desktop\Dandelion_light\fuguangapi\fuguangapi\apps\home\views.py changed, reloading.
INFO 2022-06-02 11:03:36,956 autoreload:637 Watching for file changes with StatReloader
INFO 2022-06-02 11:04:25,830 autoreload:251 C:\Users\blde\Desktop\Dandelion_light\fuguangapi\fuguangapi\apps\home\urls.py changed, reloading.
INFO 2022-06-02 11:04:26,451 autoreload:637 Watching for file changes with StatReloader
INFO 2022-06-02 11:04:33,840 basehttp:161 "GET /test HTTP/1.1" 200 5155
INFO 2022-06-02 11:04:33,874 basehttp:161 "GET /static/rest_framework/css/bootstrap-tweaks.css HTTP/1.1" 200 3385
INFO 2022-06-02 11:04:33,874 basehttp:161 "GET /static/rest_framework/css/prettify.css HTTP/1.1" 200 817
INFO 2022-06-02 11:04:33,875 basehttp:161 "GET /static/rest_framework/css/default.css HTTP/1.1" 200 1152
INFO 2022-06-02 11:04:33,877 basehttp:161 "GET /static/rest_framework/js/ajax-form.js HTTP/1.1" 200 3597
INFO 2022-06-02 11:04:33,881 basehttp:161 "GET /static/rest_framework/js/prettify-min.js HTTP/1.1" 200 13632
INFO 2022-06-02 11:04:33,881 basehttp:161 "GET /static/rest_framework/js/csrf.js HTTP/1.1" 200 1719
INFO 2022-06-02 11:04:33,882 basehttp:161 "GET /static/rest_framework/js/jquery-3.5.1.min.js HTTP/1.1" 200 89476
INFO 2022-06-02 11:04:33,882 basehttp:161 "GET /static/rest_framework/js/bootstrap.min.js HTTP/1.1" 200 39680
INFO 2022-06-02 11:04:33,883 basehttp:161 "GET /static/rest_framework/js/default.js HTTP/1.1" 200 1268
INFO 2022-06-02 11:04:33,883 basehttp:161 "GET /static/rest_framework/css/bootstrap.min.css HTTP/1.1" 200 121457
INFO 2022-06-02 11:04:33,899 basehttp:161 "GET /static/rest_framework/img/grid.png HTTP/1.1" 200 1458
INFO 2022-06-02 11:11:46,789 autoreload:637 Watching for file changes with StatReloader
INFO 2022-06-02 11:39:14,796 autoreload:637 Watching for file changes with StatReloader
INFO 2022-06-02 11:39:20,578 basehttp:161 "GET /test HTTP/1.1" 200 5115
INFO 2022-06-02 11:39:20,591 basehttp:161 "GET /static/rest_framework/css/bootstrap.min.css HTTP/1.1" 304 0
INFO 2022-06-02 11:39:20,593 basehttp:161 "GET /static/rest_framework/css/bootstrap-tweaks.css HTTP/1.1" 304 0
INFO 2022-06-02 11:39:20,595 basehttp:161 "GET /static/rest_framework/css/prettify.css HTTP/1.1" 304 0
INFO 2022-06-02 11:39:20,595 basehttp:161 "GET /static/rest_framework/js/csrf.js HTTP/1.1" 304 0
INFO 2022-06-02 11:39:20,595 basehttp:161 "GET /static/rest_framework/css/default.css HTTP/1.1" 304 0
INFO 2022-06-02 11:39:20,598 basehttp:161 "GET /static/rest_framework/js/bootstrap.min.js HTTP/1.1" 304 0
INFO 2022-06-02 11:39:20,598 basehttp:161 "GET /static/rest_framework/js/jquery-3.5.1.min.js HTTP/1.1" 304 0
INFO 2022-06-02 11:39:20,599 basehttp:161 "GET /static/rest_framework/js/prettify-min.js HTTP/1.1" 304 0
INFO 2022-06-02 11:39:20,599 basehttp:161 "GET /static/rest_framework/js/ajax-form.js HTTP/1.1" 304 0
INFO 2022-06-02 11:39:20,600 basehttp:161 "GET /static/rest_framework/js/default.js HTTP/1.1" 304 0
INFO 2022-06-02 11:39:20,602 basehttp:161 "GET /static/rest_framework/img/grid.png HTTP/1.1" 304 0
INFO 2022-06-02 11:39:21,710 basehttp:161 "GET /test HTTP/1.1" 200 5115
INFO 2022-06-02 11:39:22,610 basehttp:161 "GET /test HTTP/1.1" 200 5115
INFO 2022-06-02 11:39:23,159 basehttp:161 "GET /test HTTP/1.1" 200 5115
INFO 2022-06-02 11:46:28,078 autoreload:251 C:\Users\blde\Desktop\Dandelion_light\fuguangapi\fuguangapi\settings\dev.py changed, reloading.
INFO 2022-06-02 11:46:28,777 autoreload:637 Watching for file changes with StatReloader
INFO 2022-06-02 11:48:09,767 autoreload:251 C:\Users\blde\Desktop\Dandelion_light\fuguangapi\fuguangapi\settings\dev.py changed, reloading.
INFO 2022-06-02 11:51:37,449 autoreload:637 Watching for file changes with StatReloader
ERROR 2022-06-02 11:51:44,035 exception:101 Invalid HTTP_HOST header: '127.0.0.1:8000'. You may need to add '127.0.0.1' to ALLOWED_HOSTS.
WARNING 2022-06-02 11:51:44,072 log:230 Bad Request: /test
WARNING 2022-06-02 11:51:44,072 basehttp:161 "GET /test HTTP/1.1" 400 72958
ERROR 2022-06-02 11:51:45,717 exception:101 Invalid HTTP_HOST header: '127.0.0.1:8000'. You may need to add '127.0.0.1' to ALLOWED_HOSTS.
WARNING 2022-06-02 11:51:45,741 log:230 Bad Request: /test
WARNING 2022-06-02 11:51:45,741 basehttp:161 "GET /test HTTP/1.1" 400 72958
ERROR 2022-06-02 11:51:46,271 exception:101 Invalid HTTP_HOST header: '127.0.0.1:8000'. You may need to add '127.0.0.1' to ALLOWED_HOSTS.
WARNING 2022-06-02 11:51:46,293 log:230 Bad Request: /test
WARNING 2022-06-02 11:51:46,294 basehttp:161 "GET /test HTTP/1.1" 400 72958
ERROR 2022-06-02 11:52:06,774 exception:101 Invalid HTTP_HOST header: '127.0.0.1:8000'. You may need to add '127.0.0.1' to ALLOWED_HOSTS.
WARNING 2022-06-02 11:52:06,796 log:230 Bad Request: /test
WARNING 2022-06-02 11:52:06,796 basehttp:161 "GET /test HTTP/1.1" 400 72958
ERROR 2022-06-02 11:52:07,570 exception:101 Invalid HTTP_HOST header: '127.0.0.1:8000'. You may need to add '127.0.0.1' to ALLOWED_HOSTS.
WARNING 2022-06-02 11:52:07,595 log:230 Bad Request: /test
WARNING 2022-06-02 11:52:07,595 basehttp:161 "GET /test HTTP/1.1" 400 72958
ERROR 2022-06-02 11:52:08,154 exception:101 Invalid HTTP_HOST header: '127.0.0.1:8000'. You may need to add '127.0.0.1' to ALLOWED_HOSTS.
WARNING 2022-06-02 11:52:08,181 log:230 Bad Request: /test
WARNING 2022-06-02 11:52:08,181 basehttp:161 "GET /test HTTP/1.1" 400 72958
ERROR 2022-06-02 11:52:08,692 exception:101 Invalid HTTP_HOST header: '127.0.0.1:8000'. You may need to add '127.0.0.1' to ALLOWED_HOSTS.
WARNING 2022-06-02 11:52:08,715 log:230 Bad Request: /test
WARNING 2022-06-02 11:52:08,715 basehttp:161 "GET /test HTTP/1.1" 400 72958
INFO 2022-06-02 11:52:17,868 autoreload:637 Watching for file changes with StatReloader
ERROR 2022-06-02 11:52:19,290 exception:101 Invalid HTTP_HOST header: '127.0.0.1:8000'. You may need to add '127.0.0.1' to ALLOWED_HOSTS.
WARNING 2022-06-02 11:52:19,322 log:230 Bad Request: /test
WARNING 2022-06-02 11:52:19,323 basehttp:161 "GET /test HTTP/1.1" 400 72958
ERROR 2022-06-02 11:52:20,079 exception:101 Invalid HTTP_HOST header: '127.0.0.1:8000'. You may need to add '127.0.0.1' to ALLOWED_HOSTS.
WARNING 2022-06-02 11:52:20,103 log:230 Bad Request: /test
WARNING 2022-06-02 11:52:20,103 basehttp:161 "GET /test HTTP/1.1" 400 72958
ERROR 2022-06-02 11:53:42,701 exception:101 Invalid HTTP_HOST header: '127.0.0.1:8000'. You may need to add '127.0.0.1' to ALLOWED_HOSTS.
WARNING 2022-06-02 11:53:42,725 log:230 Bad Request: /test
WARNING 2022-06-02 11:53:42,725 basehttp:161 "GET /test HTTP/1.1" 400 72821
INFO 2022-06-02 11:53:54,575 autoreload:637 Watching for file changes with StatReloader
INFO 2022-06-02 11:53:55,836 basehttp:161 "GET /test HTTP/1.1" 200 5115
INFO 2022-06-02 11:54:24,059 autoreload:251 C:\Users\blde\Desktop\Dandelion_light\fuguangapi\fuguangapi\settings\dev.py changed, reloading.
INFO 2022-06-02 11:54:24,662 autoreload:637 Watching for file changes with StatReloader
INFO 2022-06-02 11:54:58,112 autoreload:251 C:\Users\blde\Desktop\Dandelion_light\fuguangapi\fuguangapi\settings\dev.py changed, reloading.
INFO 2022-06-02 11:54:58,739 autoreload:637 Watching for file changes with StatReloader
ERROR 2022-06-02 11:55:07,029 exception:101 Invalid HTTP_HOST header: '127.0.0.1:8000'. You may need to add '127.0.0.1' to ALLOWED_HOSTS.
WARNING 2022-06-02 11:55:07,057 log:230 Bad Request: /test
WARNING 2022-06-02 11:55:07,058 basehttp:161 "GET /test HTTP/1.1" 400 72958
INFO 2022-06-02 11:56:28,462 autoreload:251 C:\Users\blde\Desktop\Dandelion_light\fuguangapi\fuguangapi\settings\dev.py changed, reloading.
INFO 2022-06-02 11:56:29,099 autoreload:637 Watching for file changes with StatReloader
INFO 2022-06-02 11:56:38,608 basehttp:161 "GET /test HTTP/1.1" 200 5115
INFO 2022-06-02 14:18:08,694 autoreload:637 Watching for file changes with StatReloader
ERROR 2022-06-02 14:18:44,450 log:230 Internal Server Error: /test
Traceback (most recent call last):
  File "D:\Python3.8\lib\site-packages\django_redis\cache.py", line 31, in _decorator
    return method(self, *args, **kwargs)
  File "D:\Python3.8\lib\site-packages\django_redis\cache.py", line 80, in set
    return self.client.set(*args, **kwargs)
  File "D:\Python3.8\lib\site-packages\django_redis\client\default.py", line 185, in set
    raise ConnectionInterrupted(connection=client) from e
django_redis.exceptions.ConnectionInterrupted: Redis ConnectionError: Error while reading from 127.0.0.1:6379 : (10060, '由于连接方在一段时间后没有正确答复或连接的主机没有反应，连接尝试失败。', None, 10060, None)

During handling of the above exception, another exception occurred:

Traceback (most recent call last):
  File "D:\Python3.8\lib\site-packages\django\core\handlers\exception.py", line 47, in inner
    response = get_response(request)
  File "D:\Python3.8\lib\site-packages\django\core\handlers\base.py", line 204, in _get_response
    response = response.render()
  File "D:\Python3.8\lib\site-packages\django\template\response.py", line 107, in render
    newretval = post_callback(retval)
  File "D:\Python3.8\lib\site-packages\django\utils\decorators.py", line 144, in callback
    return middleware.process_response(request, response)
  File "D:\Python3.8\lib\site-packages\django\middleware\cache.py", line 112, in process_response
    lambda r: self.cache.set(cache_key, r, timeout)
  File "D:\Python3.8\lib\site-packages\django\template\response.py", line 92, in add_post_render_callback
    callback(self)
  File "D:\Python3.8\lib\site-packages\django\middleware\cache.py", line 112, in <lambda>
    lambda r: self.cache.set(cache_key, r, timeout)
  File "D:\Python3.8\lib\site-packages\django_redis\cache.py", line 38, in _decorator
    raise e.__cause__
  File "D:\Python3.8\lib\site-packages\django_redis\client\default.py", line 175, in set
    return bool(client.set(nkey, nvalue, nx=nx, px=timeout, xx=xx))
  File "D:\Python3.8\lib\site-packages\redis\commands\core.py", line 2214, in set
    return self.execute_command("SET", *pieces, **options)
  File "D:\Python3.8\lib\site-packages\redis\client.py", line 1239, in execute_command
    lambda error: self._disconnect_raise(conn, error),
  File "D:\Python3.8\lib\site-packages\redis\retry.py", line 49, in call_with_retry
    fail(error)
  File "D:\Python3.8\lib\site-packages\redis\client.py", line 1239, in <lambda>
    lambda error: self._disconnect_raise(conn, error),
  File "D:\Python3.8\lib\site-packages\redis\client.py", line 1225, in _disconnect_raise
    raise error
  File "D:\Python3.8\lib\site-packages\redis\retry.py", line 46, in call_with_retry
    return do()
  File "D:\Python3.8\lib\site-packages\redis\client.py", line 1237, in <lambda>
    conn, command_name, *args, **options
  File "D:\Python3.8\lib\site-packages\redis\client.py", line 1212, in _send_command_parse_response
    return self.parse_response(conn, command_name, **options)
  File "D:\Python3.8\lib\site-packages\redis\client.py", line 1251, in parse_response
    response = connection.read_response()
  File "D:\Python3.8\lib\site-packages\redis\connection.py", line 828, in read_response
    raise ConnectionError(f"Error while reading from {hosterr}" f" : {e.args}")
redis.exceptions.ConnectionError: Error while reading from 127.0.0.1:6379 : (10060, '由于连接方在一段时间后没有正确答复或连接的主机没有反应，连接尝试失败。', None, 10060, None)
ERROR 2022-06-02 14:18:44,455 basehttp:161 "GET /test HTTP/1.1" 500 195867
INFO 2022-06-02 14:18:44,456 basehttp:75 - Broken pipe from ('127.0.0.1', 1764)

INFO 2022-06-02 14:18:44,461 autoreload:251 C:\Users\blde\Desktop\Dandelion_light\fuguangapi\fuguangapi\settings\dev.py changed, reloading.
INFO 2022-06-02 14:18:45,030 autoreload:637 Watching for file changes with StatReloader
INFO 2022-06-02 14:18:48,186 autoreload:637 Watching for file changes with StatReloader
ERROR 2022-06-02 14:19:22,512 log:230 Internal Server Error: /test
Traceback (most recent call last):
  File "D:\Python3.8\lib\site-packages\django_redis\cache.py", line 31, in _decorator
    return method(self, *args, **kwargs)
  File "D:\Python3.8\lib\site-packages\django_redis\cache.py", line 80, in set
    return self.client.set(*args, **kwargs)
  File "D:\Python3.8\lib\site-packages\django_redis\client\default.py", line 185, in set
    raise ConnectionInterrupted(connection=client) from e
django_redis.exceptions.ConnectionInterrupted: Redis ConnectionError: Error while reading from 127.0.0.1:6379 : (10060, '由于连接方在一段时间后没有正确答复或连接的主机没有反应，连接尝试失败。', None, 10060, None)

During handling of the above exception, another exception occurred:

Traceback (most recent call last):
  File "D:\Python3.8\lib\site-packages\django\core\handlers\exception.py", line 47, in inner
    response = get_response(request)
  File "D:\Python3.8\lib\site-packages\django\core\handlers\base.py", line 204, in _get_response
    response = response.render()
  File "D:\Python3.8\lib\site-packages\django\template\response.py", line 107, in render
    newretval = post_callback(retval)
  File "D:\Python3.8\lib\site-packages\django\utils\decorators.py", line 144, in callback
    return middleware.process_response(request, response)
  File "D:\Python3.8\lib\site-packages\django\middleware\cache.py", line 112, in process_response
    lambda r: self.cache.set(cache_key, r, timeout)
  File "D:\Python3.8\lib\site-packages\django\template\response.py", line 92, in add_post_render_callback
    callback(self)
  File "D:\Python3.8\lib\site-packages\django\middleware\cache.py", line 112, in <lambda>
    lambda r: self.cache.set(cache_key, r, timeout)
  File "D:\Python3.8\lib\site-packages\django_redis\cache.py", line 38, in _decorator
    raise e.__cause__
  File "D:\Python3.8\lib\site-packages\django_redis\client\default.py", line 175, in set
    return bool(client.set(nkey, nvalue, nx=nx, px=timeout, xx=xx))
  File "D:\Python3.8\lib\site-packages\redis\commands\core.py", line 2214, in set
    return self.execute_command("SET", *pieces, **options)
  File "D:\Python3.8\lib\site-packages\redis\client.py", line 1239, in execute_command
    lambda error: self._disconnect_raise(conn, error),
  File "D:\Python3.8\lib\site-packages\redis\retry.py", line 49, in call_with_retry
    fail(error)
  File "D:\Python3.8\lib\site-packages\redis\client.py", line 1239, in <lambda>
    lambda error: self._disconnect_raise(conn, error),
  File "D:\Python3.8\lib\site-packages\redis\client.py", line 1225, in _disconnect_raise
    raise error
  File "D:\Python3.8\lib\site-packages\redis\retry.py", line 46, in call_with_retry
    return do()
  File "D:\Python3.8\lib\site-packages\redis\client.py", line 1237, in <lambda>
    conn, command_name, *args, **options
  File "D:\Python3.8\lib\site-packages\redis\client.py", line 1212, in _send_command_parse_response
    return self.parse_response(conn, command_name, **options)
  File "D:\Python3.8\lib\site-packages\redis\client.py", line 1251, in parse_response
    response = connection.read_response()
  File "D:\Python3.8\lib\site-packages\redis\connection.py", line 828, in read_response
    raise ConnectionError(f"Error while reading from {hosterr}" f" : {e.args}")
redis.exceptions.ConnectionError: Error while reading from 127.0.0.1:6379 : (10060, '由于连接方在一段时间后没有正确答复或连接的主机没有反应，连接尝试失败。', None, 10060, None)
ERROR 2022-06-02 14:19:22,516 basehttp:161 "GET /test HTTP/1.1" 500 195432
INFO 2022-06-02 14:19:22,517 basehttp:75 - Broken pipe from ('127.0.0.1', 1794)

ERROR 2022-06-02 14:19:24,302 log:230 Internal Server Error: /test
Traceback (most recent call last):
  File "D:\Python3.8\lib\site-packages\django_redis\cache.py", line 31, in _decorator
    return method(self, *args, **kwargs)
  File "D:\Python3.8\lib\site-packages\django_redis\cache.py", line 80, in set
    return self.client.set(*args, **kwargs)
  File "D:\Python3.8\lib\site-packages\django_redis\client\default.py", line 185, in set
    raise ConnectionInterrupted(connection=client) from e
django_redis.exceptions.ConnectionInterrupted: Redis ConnectionError: Error while reading from 127.0.0.1:6379 : (10060, '由于连接方在一段时间后没有正确答复或连接的主机没有反应，连接尝试失败。', None, 10060, None)

During handling of the above exception, another exception occurred:

Traceback (most recent call last):
  File "D:\Python3.8\lib\site-packages\django\core\handlers\exception.py", line 47, in inner
    response = get_response(request)
  File "D:\Python3.8\lib\site-packages\django\core\handlers\base.py", line 204, in _get_response
    response = response.render()
  File "D:\Python3.8\lib\site-packages\django\template\response.py", line 107, in render
    newretval = post_callback(retval)
  File "D:\Python3.8\lib\site-packages\django\utils\decorators.py", line 144, in callback
    return middleware.process_response(request, response)
  File "D:\Python3.8\lib\site-packages\django\middleware\cache.py", line 112, in process_response
    lambda r: self.cache.set(cache_key, r, timeout)
  File "D:\Python3.8\lib\site-packages\django\template\response.py", line 92, in add_post_render_callback
    callback(self)
  File "D:\Python3.8\lib\site-packages\django\middleware\cache.py", line 112, in <lambda>
    lambda r: self.cache.set(cache_key, r, timeout)
  File "D:\Python3.8\lib\site-packages\django_redis\cache.py", line 38, in _decorator
    raise e.__cause__
  File "D:\Python3.8\lib\site-packages\django_redis\client\default.py", line 175, in set
    return bool(client.set(nkey, nvalue, nx=nx, px=timeout, xx=xx))
  File "D:\Python3.8\lib\site-packages\redis\commands\core.py", line 2214, in set
    return self.execute_command("SET", *pieces, **options)
  File "D:\Python3.8\lib\site-packages\redis\client.py", line 1239, in execute_command
    lambda error: self._disconnect_raise(conn, error),
  File "D:\Python3.8\lib\site-packages\redis\retry.py", line 49, in call_with_retry
    fail(error)
  File "D:\Python3.8\lib\site-packages\redis\client.py", line 1239, in <lambda>
    lambda error: self._disconnect_raise(conn, error),
  File "D:\Python3.8\lib\site-packages\redis\client.py", line 1225, in _disconnect_raise
    raise error
  File "D:\Python3.8\lib\site-packages\redis\retry.py", line 46, in call_with_retry
    return do()
  File "D:\Python3.8\lib\site-packages\redis\client.py", line 1237, in <lambda>
    conn, command_name, *args, **options
  File "D:\Python3.8\lib\site-packages\redis\client.py", line 1212, in _send_command_parse_response
    return self.parse_response(conn, command_name, **options)
  File "D:\Python3.8\lib\site-packages\redis\client.py", line 1251, in parse_response
    response = connection.read_response()
  File "D:\Python3.8\lib\site-packages\redis\connection.py", line 828, in read_response
    raise ConnectionError(f"Error while reading from {hosterr}" f" : {e.args}")
redis.exceptions.ConnectionError: Error while reading from 127.0.0.1:6379 : (10060, '由于连接方在一段时间后没有正确答复或连接的主机没有反应，连接尝试失败。', None, 10060, None)
ERROR 2022-06-02 14:19:24,303 basehttp:161 "GET /test HTTP/1.1" 500 195432
INFO 2022-06-02 14:19:24,304 basehttp:75 - Broken pipe from ('127.0.0.1', 1795)

ERROR 2022-06-02 14:19:26,247 log:230 Internal Server Error: /test
Traceback (most recent call last):
  File "D:\Python3.8\lib\site-packages\django_redis\cache.py", line 31, in _decorator
    return method(self, *args, **kwargs)
  File "D:\Python3.8\lib\site-packages\django_redis\cache.py", line 80, in set
    return self.client.set(*args, **kwargs)
  File "D:\Python3.8\lib\site-packages\django_redis\client\default.py", line 185, in set
    raise ConnectionInterrupted(connection=client) from e
django_redis.exceptions.ConnectionInterrupted: Redis ConnectionError: Error while reading from 127.0.0.1:6379 : (10060, '由于连接方在一段时间后没有正确答复或连接的主机没有反应，连接尝试失败。', None, 10060, None)

During handling of the above exception, another exception occurred:

Traceback (most recent call last):
  File "D:\Python3.8\lib\site-packages\django\core\handlers\exception.py", line 47, in inner
    response = get_response(request)
  File "D:\Python3.8\lib\site-packages\django\core\handlers\base.py", line 204, in _get_response
    response = response.render()
  File "D:\Python3.8\lib\site-packages\django\template\response.py", line 107, in render
    newretval = post_callback(retval)
  File "D:\Python3.8\lib\site-packages\django\utils\decorators.py", line 144, in callback
    return middleware.process_response(request, response)
  File "D:\Python3.8\lib\site-packages\django\middleware\cache.py", line 112, in process_response
    lambda r: self.cache.set(cache_key, r, timeout)
  File "D:\Python3.8\lib\site-packages\django\template\response.py", line 92, in add_post_render_callback
    callback(self)
  File "D:\Python3.8\lib\site-packages\django\middleware\cache.py", line 112, in <lambda>
    lambda r: self.cache.set(cache_key, r, timeout)
  File "D:\Python3.8\lib\site-packages\django_redis\cache.py", line 38, in _decorator
    raise e.__cause__
  File "D:\Python3.8\lib\site-packages\django_redis\client\default.py", line 175, in set
    return bool(client.set(nkey, nvalue, nx=nx, px=timeout, xx=xx))
  File "D:\Python3.8\lib\site-packages\redis\commands\core.py", line 2214, in set
    return self.execute_command("SET", *pieces, **options)
  File "D:\Python3.8\lib\site-packages\redis\client.py", line 1239, in execute_command
    lambda error: self._disconnect_raise(conn, error),
  File "D:\Python3.8\lib\site-packages\redis\retry.py", line 49, in call_with_retry
    fail(error)
  File "D:\Python3.8\lib\site-packages\redis\client.py", line 1239, in <lambda>
    lambda error: self._disconnect_raise(conn, error),
  File "D:\Python3.8\lib\site-packages\redis\client.py", line 1225, in _disconnect_raise
    raise error
  File "D:\Python3.8\lib\site-packages\redis\retry.py", line 46, in call_with_retry
    return do()
  File "D:\Python3.8\lib\site-packages\redis\client.py", line 1237, in <lambda>
    conn, command_name, *args, **options
  File "D:\Python3.8\lib\site-packages\redis\client.py", line 1212, in _send_command_parse_response
    return self.parse_response(conn, command_name, **options)
  File "D:\Python3.8\lib\site-packages\redis\client.py", line 1251, in parse_response
    response = connection.read_response()
  File "D:\Python3.8\lib\site-packages\redis\connection.py", line 828, in read_response
    raise ConnectionError(f"Error while reading from {hosterr}" f" : {e.args}")
redis.exceptions.ConnectionError: Error while reading from 127.0.0.1:6379 : (10060, '由于连接方在一段时间后没有正确答复或连接的主机没有反应，连接尝试失败。', None, 10060, None)
ERROR 2022-06-02 14:19:26,248 basehttp:161 "GET /test HTTP/1.1" 500 195432
INFO 2022-06-02 14:19:26,249 basehttp:75 - Broken pipe from ('127.0.0.1', 1798)

ERROR 2022-06-02 14:19:27,038 log:230 Internal Server Error: /test
Traceback (most recent call last):
  File "D:\Python3.8\lib\site-packages\django_redis\cache.py", line 31, in _decorator
    return method(self, *args, **kwargs)
  File "D:\Python3.8\lib\site-packages\django_redis\cache.py", line 80, in set
    return self.client.set(*args, **kwargs)
  File "D:\Python3.8\lib\site-packages\django_redis\client\default.py", line 185, in set
    raise ConnectionInterrupted(connection=client) from e
django_redis.exceptions.ConnectionInterrupted: Redis ConnectionError: Error while reading from 127.0.0.1:6379 : (10060, '由于连接方在一段时间后没有正确答复或连接的主机没有反应，连接尝试失败。', None, 10060, None)

During handling of the above exception, another exception occurred:

Traceback (most recent call last):
  File "D:\Python3.8\lib\site-packages\django\core\handlers\exception.py", line 47, in inner
    response = get_response(request)
  File "D:\Python3.8\lib\site-packages\django\core\handlers\base.py", line 204, in _get_response
    response = response.render()
  File "D:\Python3.8\lib\site-packages\django\template\response.py", line 107, in render
    newretval = post_callback(retval)
  File "D:\Python3.8\lib\site-packages\django\utils\decorators.py", line 144, in callback
    return middleware.process_response(request, response)
  File "D:\Python3.8\lib\site-packages\django\middleware\cache.py", line 112, in process_response
    lambda r: self.cache.set(cache_key, r, timeout)
  File "D:\Python3.8\lib\site-packages\django\template\response.py", line 92, in add_post_render_callback
    callback(self)
  File "D:\Python3.8\lib\site-packages\django\middleware\cache.py", line 112, in <lambda>
    lambda r: self.cache.set(cache_key, r, timeout)
  File "D:\Python3.8\lib\site-packages\django_redis\cache.py", line 38, in _decorator
    raise e.__cause__
  File "D:\Python3.8\lib\site-packages\django_redis\client\default.py", line 175, in set
    return bool(client.set(nkey, nvalue, nx=nx, px=timeout, xx=xx))
  File "D:\Python3.8\lib\site-packages\redis\commands\core.py", line 2214, in set
    return self.execute_command("SET", *pieces, **options)
  File "D:\Python3.8\lib\site-packages\redis\client.py", line 1239, in execute_command
    lambda error: self._disconnect_raise(conn, error),
  File "D:\Python3.8\lib\site-packages\redis\retry.py", line 49, in call_with_retry
    fail(error)
  File "D:\Python3.8\lib\site-packages\redis\client.py", line 1239, in <lambda>
    lambda error: self._disconnect_raise(conn, error),
  File "D:\Python3.8\lib\site-packages\redis\client.py", line 1225, in _disconnect_raise
    raise error
  File "D:\Python3.8\lib\site-packages\redis\retry.py", line 46, in call_with_retry
    return do()
  File "D:\Python3.8\lib\site-packages\redis\client.py", line 1237, in <lambda>
    conn, command_name, *args, **options
  File "D:\Python3.8\lib\site-packages\redis\client.py", line 1212, in _send_command_parse_response
    return self.parse_response(conn, command_name, **options)
  File "D:\Python3.8\lib\site-packages\redis\client.py", line 1251, in parse_response
    response = connection.read_response()
  File "D:\Python3.8\lib\site-packages\redis\connection.py", line 828, in read_response
    raise ConnectionError(f"Error while reading from {hosterr}" f" : {e.args}")
redis.exceptions.ConnectionError: Error while reading from 127.0.0.1:6379 : (10060, '由于连接方在一段时间后没有正确答复或连接的主机没有反应，连接尝试失败。', None, 10060, None)
ERROR 2022-06-02 14:19:27,039 basehttp:161 "GET /test HTTP/1.1" 500 195432
INFO 2022-06-02 14:20:49,729 autoreload:637 Watching for file changes with StatReloader
INFO 2022-06-02 14:20:52,642 basehttp:161 "GET /test HTTP/1.1" 200 5115
INFO 2022-06-02 14:20:52,656 basehttp:161 "GET /static/rest_framework/css/bootstrap.min.css HTTP/1.1" 304 0
INFO 2022-06-02 14:20:52,656 basehttp:161 "GET /static/rest_framework/css/bootstrap-tweaks.css HTTP/1.1" 304 0
INFO 2022-06-02 14:20:52,658 basehttp:161 "GET /static/rest_framework/css/prettify.css HTTP/1.1" 304 0
INFO 2022-06-02 14:20:52,661 basehttp:161 "GET /static/rest_framework/css/default.css HTTP/1.1" 304 0
INFO 2022-06-02 14:20:52,662 basehttp:161 "GET /static/rest_framework/js/csrf.js HTTP/1.1" 304 0
INFO 2022-06-02 14:20:52,662 basehttp:161 "GET /static/rest_framework/js/bootstrap.min.js HTTP/1.1" 304 0
INFO 2022-06-02 14:20:52,662 basehttp:161 "GET /static/rest_framework/js/prettify-min.js HTTP/1.1" 304 0
INFO 2022-06-02 14:20:52,663 basehttp:161 "GET /static/rest_framework/js/jquery-3.5.1.min.js HTTP/1.1" 304 0
INFO 2022-06-02 14:20:52,663 basehttp:161 "GET /static/rest_framework/js/ajax-form.js HTTP/1.1" 304 0
INFO 2022-06-02 14:20:52,664 basehttp:161 "GET /static/rest_framework/js/default.js HTTP/1.1" 304 0
INFO 2022-06-02 14:20:52,666 basehttp:161 "GET /static/rest_framework/img/grid.png HTTP/1.1" 304 0
INFO 2022-06-02 14:21:18,144 autoreload:251 C:\Users\blde\Desktop\Dandelion_light\fuguangapi\fuguangapi\settings\dev.py changed, reloading.
INFO 2022-06-02 14:21:18,707 autoreload:637 Watching for file changes with StatReloader
INFO 2022-06-02 14:21:20,199 autoreload:637 Watching for file changes with StatReloader
INFO 2022-06-02 14:21:21,256 basehttp:161 "GET /test HTTP/1.1" 200 5115
INFO 2022-06-02 14:21:22,201 basehttp:161 "GET /test HTTP/1.1" 200 5115
INFO 2022-06-02 14:21:22,764 basehttp:161 "GET /test HTTP/1.1" 200 5115
INFO 2022-06-02 14:21:23,122 basehttp:161 "GET /test HTTP/1.1" 200 5115
INFO 2022-06-02 14:21:23,327 basehttp:161 "GET /test HTTP/1.1" 200 5115
INFO 2022-06-02 14:21:23,504 basehttp:161 "GET /test HTTP/1.1" 200 5115
INFO 2022-06-02 14:21:23,681 basehttp:161 "GET /test HTTP/1.1" 200 5115
INFO 2022-06-02 14:21:23,883 basehttp:161 "GET /test HTTP/1.1" 200 5115
INFO 2022-06-02 14:21:24,089 basehttp:161 "GET /test HTTP/1.1" 200 5115
INFO 2022-06-02 14:21:24,261 basehttp:161 "GET /test HTTP/1.1" 200 5115
INFO 2022-06-02 14:21:24,437 basehttp:161 "GET /test HTTP/1.1" 200 5115
INFO 2022-06-02 14:21:24,607 basehttp:161 "GET /test HTTP/1.1" 200 5115
INFO 2022-06-02 14:21:24,766 basehttp:161 "GET /test HTTP/1.1" 200 5115
INFO 2022-06-02 14:21:24,925 basehttp:161 "GET /test HTTP/1.1" 200 5115
INFO 2022-06-02 14:42:02,725 autoreload:637 Watching for file changes with StatReloader
INFO 2022-06-02 14:42:45,429 basehttp:161 "GET /nav/header HTTP/1.1" 200 6000
