INFO 2022-06-02 09:37:15,968 autoreload:637 Watching for file changes with StatReloader
INFO 2022-06-02 09:37:40,369 basehttp:161 "GET / HTTP/1.1" 200 10697
INFO 2022-06-02 09:37:40,388 basehttp:161 "GET /static/admin/css/fonts.css HTTP/1.1" 304 0
INFO 2022-06-02 09:37:40,523 basehttp:161 "GET /static/admin/fonts/Roboto-Bold-webfont.woff HTTP/1.1" 304 0
INFO 2022-06-02 09:37:40,523 basehttp:161 "GET /static/admin/fonts/Roboto-Regular-webfont.woff HTTP/1.1" 304 0
INFO 2022-06-02 09:37:40,523 basehttp:161 "GET /static/admin/fonts/Roboto-Light-webfont.woff HTTP/1.1" 304 0
INFO 2022-06-02 10:49:30,625 autoreload:637 Watching for file changes with StatReloader
INFO 2022-06-02 10:49:39,132 autoreload:251 C:\Users\blde\Desktop\Dandelion_light\fuguangapi\fuguangapi\settings\dev.py changed, reloading.
INFO 2022-06-02 10:49:39,772 autoreload:637 Watching for file changes with StatReloader
INFO 2022-06-02 10:52:21,858 autoreload:251 C:\Users\blde\Desktop\Dandelion_light\fuguangapi\fuguangapi\settings\dev.py changed, reloading.
INFO 2022-06-02 10:52:22,543 autoreload:637 Watching for file changes with StatReloader
INFO 2022-06-02 10:58:02,376 autoreload:251 C:\Users\blde\Desktop\Dandelion_light\fuguangapi\fuguangapi\urls.py changed, reloading.
INFO 2022-06-02 10:58:02,970 autoreload:637 Watching for file changes with StatReloader
INFO 2022-06-02 10:58:17,660 autoreload:251 C:\Users\blde\Desktop\Dandelion_light\fuguangapi\fuguangapi\urls.py changed, reloading.
INFO 2022-06-02 10:58:18,203 autoreload:637 Watching for file changes with StatReloader
INFO 2022-06-02 11:03:36,331 autoreload:251 C:\Users\blde\Desktop\Dandelion_light\fuguangapi\fuguangapi\apps\home\views.py changed, reloading.
INFO 2022-06-02 11:03:36,956 autoreload:637 Watching for file changes with StatReloader
INFO 2022-06-02 11:04:25,830 autoreload:251 C:\Users\blde\Desktop\Dandelion_light\fuguangapi\fuguangapi\apps\home\urls.py changed, reloading.
INFO 2022-06-02 11:04:26,451 autoreload:637 Watching for file changes with StatReloader
INFO 2022-06-02 11:04:33,840 basehttp:161 "GET /test HTTP/1.1" 200 5155
INFO 2022-06-02 11:04:33,874 basehttp:161 "GET /static/rest_framework/css/bootstrap-tweaks.css HTTP/1.1" 200 3385
INFO 2022-06-02 11:04:33,874 basehttp:161 "GET /static/rest_framework/css/prettify.css HTTP/1.1" 200 817
INFO 2022-06-02 11:04:33,875 basehttp:161 "GET /static/rest_framework/css/default.css HTTP/1.1" 200 1152
INFO 2022-06-02 11:04:33,877 basehttp:161 "GET /static/rest_framework/js/ajax-form.js HTTP/1.1" 200 3597
INFO 2022-06-02 11:04:33,881 basehttp:161 "GET /static/rest_framework/js/prettify-min.js HTTP/1.1" 200 13632
INFO 2022-06-02 11:04:33,881 basehttp:161 "GET /static/rest_framework/js/csrf.js HTTP/1.1" 200 1719
INFO 2022-06-02 11:04:33,882 basehttp:161 "GET /static/rest_framework/js/jquery-3.5.1.min.js HTTP/1.1" 200 89476
INFO 2022-06-02 11:04:33,882 basehttp:161 "GET /static/rest_framework/js/bootstrap.min.js HTTP/1.1" 200 39680
INFO 2022-06-02 11:04:33,883 basehttp:161 "GET /static/rest_framework/js/default.js HTTP/1.1" 200 1268
INFO 2022-06-02 11:04:33,883 basehttp:161 "GET /static/rest_framework/css/bootstrap.min.css HTTP/1.1" 200 121457
INFO 2022-06-02 11:04:33,899 basehttp:161 "GET /static/rest_framework/img/grid.png HTTP/1.1" 200 1458
INFO 2022-06-02 11:11:46,789 autoreload:637 Watching for file changes with StatReloader
INFO 2022-06-02 11:39:14,796 autoreload:637 Watching for file changes with StatReloader
INFO 2022-06-02 11:39:20,578 basehttp:161 "GET /test HTTP/1.1" 200 5115
INFO 2022-06-02 11:39:20,591 basehttp:161 "GET /static/rest_framework/css/bootstrap.min.css HTTP/1.1" 304 0
INFO 2022-06-02 11:39:20,593 basehttp:161 "GET /static/rest_framework/css/bootstrap-tweaks.css HTTP/1.1" 304 0
INFO 2022-06-02 11:39:20,595 basehttp:161 "GET /static/rest_framework/css/prettify.css HTTP/1.1" 304 0
INFO 2022-06-02 11:39:20,595 basehttp:161 "GET /static/rest_framework/js/csrf.js HTTP/1.1" 304 0
INFO 2022-06-02 11:39:20,595 basehttp:161 "GET /static/rest_framework/css/default.css HTTP/1.1" 304 0
INFO 2022-06-02 11:39:20,598 basehttp:161 "GET /static/rest_framework/js/bootstrap.min.js HTTP/1.1" 304 0
INFO 2022-06-02 11:39:20,598 basehttp:161 "GET /static/rest_framework/js/jquery-3.5.1.min.js HTTP/1.1" 304 0
INFO 2022-06-02 11:39:20,599 basehttp:161 "GET /static/rest_framework/js/prettify-min.js HTTP/1.1" 304 0
INFO 2022-06-02 11:39:20,599 basehttp:161 "GET /static/rest_framework/js/ajax-form.js HTTP/1.1" 304 0
INFO 2022-06-02 11:39:20,600 basehttp:161 "GET /static/rest_framework/js/default.js HTTP/1.1" 304 0
INFO 2022-06-02 11:39:20,602 basehttp:161 "GET /static/rest_framework/img/grid.png HTTP/1.1" 304 0
INFO 2022-06-02 11:39:21,710 basehttp:161 "GET /test HTTP/1.1" 200 5115
INFO 2022-06-02 11:39:22,610 basehttp:161 "GET /test HTTP/1.1" 200 5115
INFO 2022-06-02 11:39:23,159 basehttp:161 "GET /test HTTP/1.1" 200 5115
INFO 2022-06-02 11:46:28,078 autoreload:251 C:\Users\blde\Desktop\Dandelion_light\fuguangapi\fuguangapi\settings\dev.py changed, reloading.
INFO 2022-06-02 11:46:28,777 autoreload:637 Watching for file changes with StatReloader
INFO 2022-06-02 11:48:09,767 autoreload:251 C:\Users\blde\Desktop\Dandelion_light\fuguangapi\fuguangapi\settings\dev.py changed, reloading.
INFO 2022-06-02 11:51:37,449 autoreload:637 Watching for file changes with StatReloader
ERROR 2022-06-02 11:51:44,035 exception:101 Invalid HTTP_HOST header: '127.0.0.1:8000'. You may need to add '127.0.0.1' to ALLOWED_HOSTS.
WARNING 2022-06-02 11:51:44,072 log:230 Bad Request: /test
WARNING 2022-06-02 11:51:44,072 basehttp:161 "GET /test HTTP/1.1" 400 72958
ERROR 2022-06-02 11:51:45,717 exception:101 Invalid HTTP_HOST header: '127.0.0.1:8000'. You may need to add '127.0.0.1' to ALLOWED_HOSTS.
WARNING 2022-06-02 11:51:45,741 log:230 Bad Request: /test
WARNING 2022-06-02 11:51:45,741 basehttp:161 "GET /test HTTP/1.1" 400 72958
ERROR 2022-06-02 11:51:46,271 exception:101 Invalid HTTP_HOST header: '127.0.0.1:8000'. You may need to add '127.0.0.1' to ALLOWED_HOSTS.
WARNING 2022-06-02 11:51:46,293 log:230 Bad Request: /test
WARNING 2022-06-02 11:51:46,294 basehttp:161 "GET /test HTTP/1.1" 400 72958
ERROR 2022-06-02 11:52:06,774 exception:101 Invalid HTTP_HOST header: '127.0.0.1:8000'. You may need to add '127.0.0.1' to ALLOWED_HOSTS.
WARNING 2022-06-02 11:52:06,796 log:230 Bad Request: /test
WARNING 2022-06-02 11:52:06,796 basehttp:161 "GET /test HTTP/1.1" 400 72958
ERROR 2022-06-02 11:52:07,570 exception:101 Invalid HTTP_HOST header: '127.0.0.1:8000'. You may need to add '127.0.0.1' to ALLOWED_HOSTS.
WARNING 2022-06-02 11:52:07,595 log:230 Bad Request: /test
WARNING 2022-06-02 11:52:07,595 basehttp:161 "GET /test HTTP/1.1" 400 72958
ERROR 2022-06-02 11:52:08,154 exception:101 Invalid HTTP_HOST header: '127.0.0.1:8000'. You may need to add '127.0.0.1' to ALLOWED_HOSTS.
WARNING 2022-06-02 11:52:08,181 log:230 Bad Request: /test
WARNING 2022-06-02 11:52:08,181 basehttp:161 "GET /test HTTP/1.1" 400 72958
ERROR 2022-06-02 11:52:08,692 exception:101 Invalid HTTP_HOST header: '127.0.0.1:8000'. You may need to add '127.0.0.1' to ALLOWED_HOSTS.
WARNING 2022-06-02 11:52:08,715 log:230 Bad Request: /test
WARNING 2022-06-02 11:52:08,715 basehttp:161 "GET /test HTTP/1.1" 400 72958
INFO 2022-06-02 11:52:17,868 autoreload:637 Watching for file changes with StatReloader
ERROR 2022-06-02 11:52:19,290 exception:101 Invalid HTTP_HOST header: '127.0.0.1:8000'. You may need to add '127.0.0.1' to ALLOWED_HOSTS.
WARNING 2022-06-02 11:52:19,322 log:230 Bad Request: /test
WARNING 2022-06-02 11:52:19,323 basehttp:161 "GET /test HTTP/1.1" 400 72958
ERROR 2022-06-02 11:52:20,079 exception:101 Invalid HTTP_HOST header: '127.0.0.1:8000'. You may need to add '127.0.0.1' to ALLOWED_HOSTS.
WARNING 2022-06-02 11:52:20,103 log:230 Bad Request: /test
WARNING 2022-06-02 11:52:20,103 basehttp:161 "GET /test HTTP/1.1" 400 72958
ERROR 2022-06-02 11:53:42,701 exception:101 Invalid HTTP_HOST header: '127.0.0.1:8000'. You may need to add '127.0.0.1' to ALLOWED_HOSTS.
WARNING 2022-06-02 11:53:42,725 log:230 Bad Request: /test
WARNING 2022-06-02 11:53:42,725 basehttp:161 "GET /test HTTP/1.1" 400 72821
INFO 2022-06-02 11:53:54,575 autoreload:637 Watching for file changes with StatReloader
INFO 2022-06-02 11:53:55,836 basehttp:161 "GET /test HTTP/1.1" 200 5115
INFO 2022-06-02 11:54:24,059 autoreload:251 C:\Users\blde\Desktop\Dandelion_light\fuguangapi\fuguangapi\settings\dev.py changed, reloading.
INFO 2022-06-02 11:54:24,662 autoreload:637 Watching for file changes with StatReloader
INFO 2022-06-02 11:54:58,112 autoreload:251 C:\Users\blde\Desktop\Dandelion_light\fuguangapi\fuguangapi\settings\dev.py changed, reloading.
INFO 2022-06-02 11:54:58,739 autoreload:637 Watching for file changes with StatReloader
ERROR 2022-06-02 11:55:07,029 exception:101 Invalid HTTP_HOST header: '127.0.0.1:8000'. You may need to add '127.0.0.1' to ALLOWED_HOSTS.
WARNING 2022-06-02 11:55:07,057 log:230 Bad Request: /test
WARNING 2022-06-02 11:55:07,058 basehttp:161 "GET /test HTTP/1.1" 400 72958
INFO 2022-06-02 11:56:28,462 autoreload:251 C:\Users\blde\Desktop\Dandelion_light\fuguangapi\fuguangapi\settings\dev.py changed, reloading.
INFO 2022-06-02 11:56:29,099 autoreload:637 Watching for file changes with StatReloader
INFO 2022-06-02 11:56:38,608 basehttp:161 "GET /test HTTP/1.1" 200 5115
INFO 2022-06-02 14:18:08,694 autoreload:637 Watching for file changes with StatReloader
ERROR 2022-06-02 14:18:44,450 log:230 Internal Server Error: /test
Traceback (most recent call last):
  File "D:\Python3.8\lib\site-packages\django_redis\cache.py", line 31, in _decorator
    return method(self, *args, **kwargs)
  File "D:\Python3.8\lib\site-packages\django_redis\cache.py", line 80, in set
    return self.client.set(*args, **kwargs)
  File "D:\Python3.8\lib\site-packages\django_redis\client\default.py", line 185, in set
    raise ConnectionInterrupted(connection=client) from e
django_redis.exceptions.ConnectionInterrupted: Redis ConnectionError: Error while reading from 127.0.0.1:6379 : (10060, '由于连接方在一段时间后没有正确答复或连接的主机没有反应，连接尝试失败。', None, 10060, None)

During handling of the above exception, another exception occurred:

Traceback (most recent call last):
  File "D:\Python3.8\lib\site-packages\django\core\handlers\exception.py", line 47, in inner
    response = get_response(request)
  File "D:\Python3.8\lib\site-packages\django\core\handlers\base.py", line 204, in _get_response
    response = response.render()
  File "D:\Python3.8\lib\site-packages\django\template\response.py", line 107, in render
    newretval = post_callback(retval)
  File "D:\Python3.8\lib\site-packages\django\utils\decorators.py", line 144, in callback
    return middleware.process_response(request, response)
  File "D:\Python3.8\lib\site-packages\django\middleware\cache.py", line 112, in process_response
    lambda r: self.cache.set(cache_key, r, timeout)
  File "D:\Python3.8\lib\site-packages\django\template\response.py", line 92, in add_post_render_callback
    callback(self)
  File "D:\Python3.8\lib\site-packages\django\middleware\cache.py", line 112, in <lambda>
    lambda r: self.cache.set(cache_key, r, timeout)
  File "D:\Python3.8\lib\site-packages\django_redis\cache.py", line 38, in _decorator
    raise e.__cause__
  File "D:\Python3.8\lib\site-packages\django_redis\client\default.py", line 175, in set
    return bool(client.set(nkey, nvalue, nx=nx, px=timeout, xx=xx))
  File "D:\Python3.8\lib\site-packages\redis\commands\core.py", line 2214, in set
    return self.execute_command("SET", *pieces, **options)
  File "D:\Python3.8\lib\site-packages\redis\client.py", line 1239, in execute_command
    lambda error: self._disconnect_raise(conn, error),
  File "D:\Python3.8\lib\site-packages\redis\retry.py", line 49, in call_with_retry
    fail(error)
  File "D:\Python3.8\lib\site-packages\redis\client.py", line 1239, in <lambda>
    lambda error: self._disconnect_raise(conn, error),
  File "D:\Python3.8\lib\site-packages\redis\client.py", line 1225, in _disconnect_raise
    raise error
  File "D:\Python3.8\lib\site-packages\redis\retry.py", line 46, in call_with_retry
    return do()
  File "D:\Python3.8\lib\site-packages\redis\client.py", line 1237, in <lambda>
    conn, command_name, *args, **options
  File "D:\Python3.8\lib\site-packages\redis\client.py", line 1212, in _send_command_parse_response
    return self.parse_response(conn, command_name, **options)
  File "D:\Python3.8\lib\site-packages\redis\client.py", line 1251, in parse_response
    response = connection.read_response()
  File "D:\Python3.8\lib\site-packages\redis\connection.py", line 828, in read_response
    raise ConnectionError(f"Error while reading from {hosterr}" f" : {e.args}")
redis.exceptions.ConnectionError: Error while reading from 127.0.0.1:6379 : (10060, '由于连接方在一段时间后没有正确答复或连接的主机没有反应，连接尝试失败。', None, 10060, None)
ERROR 2022-06-02 14:18:44,455 basehttp:161 "GET /test HTTP/1.1" 500 195867
INFO 2022-06-02 14:18:44,456 basehttp:75 - Broken pipe from ('127.0.0.1', 1764)

INFO 2022-06-02 14:18:44,461 autoreload:251 C:\Users\blde\Desktop\Dandelion_light\fuguangapi\fuguangapi\settings\dev.py changed, reloading.
INFO 2022-06-02 14:18:45,030 autoreload:637 Watching for file changes with StatReloader
INFO 2022-06-02 14:18:48,186 autoreload:637 Watching for file changes with StatReloader
ERROR 2022-06-02 14:19:22,512 log:230 Internal Server Error: /test
Traceback (most recent call last):
  File "D:\Python3.8\lib\site-packages\django_redis\cache.py", line 31, in _decorator
    return method(self, *args, **kwargs)
  File "D:\Python3.8\lib\site-packages\django_redis\cache.py", line 80, in set
    return self.client.set(*args, **kwargs)
  File "D:\Python3.8\lib\site-packages\django_redis\client\default.py", line 185, in set
    raise ConnectionInterrupted(connection=client) from e
django_redis.exceptions.ConnectionInterrupted: Redis ConnectionError: Error while reading from 127.0.0.1:6379 : (10060, '由于连接方在一段时间后没有正确答复或连接的主机没有反应，连接尝试失败。', None, 10060, None)

During handling of the above exception, another exception occurred:

Traceback (most recent call last):
  File "D:\Python3.8\lib\site-packages\django\core\handlers\exception.py", line 47, in inner
    response = get_response(request)
  File "D:\Python3.8\lib\site-packages\django\core\handlers\base.py", line 204, in _get_response
    response = response.render()
  File "D:\Python3.8\lib\site-packages\django\template\response.py", line 107, in render
    newretval = post_callback(retval)
  File "D:\Python3.8\lib\site-packages\django\utils\decorators.py", line 144, in callback
    return middleware.process_response(request, response)
  File "D:\Python3.8\lib\site-packages\django\middleware\cache.py", line 112, in process_response
    lambda r: self.cache.set(cache_key, r, timeout)
  File "D:\Python3.8\lib\site-packages\django\template\response.py", line 92, in add_post_render_callback
    callback(self)
  File "D:\Python3.8\lib\site-packages\django\middleware\cache.py", line 112, in <lambda>
    lambda r: self.cache.set(cache_key, r, timeout)
  File "D:\Python3.8\lib\site-packages\django_redis\cache.py", line 38, in _decorator
    raise e.__cause__
  File "D:\Python3.8\lib\site-packages\django_redis\client\default.py", line 175, in set
    return bool(client.set(nkey, nvalue, nx=nx, px=timeout, xx=xx))
  File "D:\Python3.8\lib\site-packages\redis\commands\core.py", line 2214, in set
    return self.execute_command("SET", *pieces, **options)
  File "D:\Python3.8\lib\site-packages\redis\client.py", line 1239, in execute_command
    lambda error: self._disconnect_raise(conn, error),
  File "D:\Python3.8\lib\site-packages\redis\retry.py", line 49, in call_with_retry
    fail(error)
  File "D:\Python3.8\lib\site-packages\redis\client.py", line 1239, in <lambda>
    lambda error: self._disconnect_raise(conn, error),
  File "D:\Python3.8\lib\site-packages\redis\client.py", line 1225, in _disconnect_raise
    raise error
  File "D:\Python3.8\lib\site-packages\redis\retry.py", line 46, in call_with_retry
    return do()
  File "D:\Python3.8\lib\site-packages\redis\client.py", line 1237, in <lambda>
    conn, command_name, *args, **options
  File "D:\Python3.8\lib\site-packages\redis\client.py", line 1212, in _send_command_parse_response
    return self.parse_response(conn, command_name, **options)
  File "D:\Python3.8\lib\site-packages\redis\client.py", line 1251, in parse_response
    response = connection.read_response()
  File "D:\Python3.8\lib\site-packages\redis\connection.py", line 828, in read_response
    raise ConnectionError(f"Error while reading from {hosterr}" f" : {e.args}")
redis.exceptions.ConnectionError: Error while reading from 127.0.0.1:6379 : (10060, '由于连接方在一段时间后没有正确答复或连接的主机没有反应，连接尝试失败。', None, 10060, None)
ERROR 2022-06-02 14:19:22,516 basehttp:161 "GET /test HTTP/1.1" 500 195432
INFO 2022-06-02 14:19:22,517 basehttp:75 - Broken pipe from ('127.0.0.1', 1794)

ERROR 2022-06-02 14:19:24,302 log:230 Internal Server Error: /test
Traceback (most recent call last):
  File "D:\Python3.8\lib\site-packages\django_redis\cache.py", line 31, in _decorator
    return method(self, *args, **kwargs)
  File "D:\Python3.8\lib\site-packages\django_redis\cache.py", line 80, in set
    return self.client.set(*args, **kwargs)
  File "D:\Python3.8\lib\site-packages\django_redis\client\default.py", line 185, in set
    raise ConnectionInterrupted(connection=client) from e
django_redis.exceptions.ConnectionInterrupted: Redis ConnectionError: Error while reading from 127.0.0.1:6379 : (10060, '由于连接方在一段时间后没有正确答复或连接的主机没有反应，连接尝试失败。', None, 10060, None)

During handling of the above exception, another exception occurred:

Traceback (most recent call last):
  File "D:\Python3.8\lib\site-packages\django\core\handlers\exception.py", line 47, in inner
    response = get_response(request)
  File "D:\Python3.8\lib\site-packages\django\core\handlers\base.py", line 204, in _get_response
    response = response.render()
  File "D:\Python3.8\lib\site-packages\django\template\response.py", line 107, in render
    newretval = post_callback(retval)
  File "D:\Python3.8\lib\site-packages\django\utils\decorators.py", line 144, in callback
    return middleware.process_response(request, response)
  File "D:\Python3.8\lib\site-packages\django\middleware\cache.py", line 112, in process_response
    lambda r: self.cache.set(cache_key, r, timeout)
  File "D:\Python3.8\lib\site-packages\django\template\response.py", line 92, in add_post_render_callback
    callback(self)
  File "D:\Python3.8\lib\site-packages\django\middleware\cache.py", line 112, in <lambda>
    lambda r: self.cache.set(cache_key, r, timeout)
  File "D:\Python3.8\lib\site-packages\django_redis\cache.py", line 38, in _decorator
    raise e.__cause__
  File "D:\Python3.8\lib\site-packages\django_redis\client\default.py", line 175, in set
    return bool(client.set(nkey, nvalue, nx=nx, px=timeout, xx=xx))
  File "D:\Python3.8\lib\site-packages\redis\commands\core.py", line 2214, in set
    return self.execute_command("SET", *pieces, **options)
  File "D:\Python3.8\lib\site-packages\redis\client.py", line 1239, in execute_command
    lambda error: self._disconnect_raise(conn, error),
  File "D:\Python3.8\lib\site-packages\redis\retry.py", line 49, in call_with_retry
    fail(error)
  File "D:\Python3.8\lib\site-packages\redis\client.py", line 1239, in <lambda>
    lambda error: self._disconnect_raise(conn, error),
  File "D:\Python3.8\lib\site-packages\redis\client.py", line 1225, in _disconnect_raise
    raise error
  File "D:\Python3.8\lib\site-packages\redis\retry.py", line 46, in call_with_retry
    return do()
  File "D:\Python3.8\lib\site-packages\redis\client.py", line 1237, in <lambda>
    conn, command_name, *args, **options
  File "D:\Python3.8\lib\site-packages\redis\client.py", line 1212, in _send_command_parse_response
    return self.parse_response(conn, command_name, **options)
  File "D:\Python3.8\lib\site-packages\redis\client.py", line 1251, in parse_response
    response = connection.read_response()
  File "D:\Python3.8\lib\site-packages\redis\connection.py", line 828, in read_response
    raise ConnectionError(f"Error while reading from {hosterr}" f" : {e.args}")
redis.exceptions.ConnectionError: Error while reading from 127.0.0.1:6379 : (10060, '由于连接方在一段时间后没有正确答复或连接的主机没有反应，连接尝试失败。', None, 10060, None)
ERROR 2022-06-02 14:19:24,303 basehttp:161 "GET /test HTTP/1.1" 500 195432
INFO 2022-06-02 14:19:24,304 basehttp:75 - Broken pipe from ('127.0.0.1', 1795)

ERROR 2022-06-02 14:19:26,247 log:230 Internal Server Error: /test
Traceback (most recent call last):
  File "D:\Python3.8\lib\site-packages\django_redis\cache.py", line 31, in _decorator
    return method(self, *args, **kwargs)
  File "D:\Python3.8\lib\site-packages\django_redis\cache.py", line 80, in set
    return self.client.set(*args, **kwargs)
  File "D:\Python3.8\lib\site-packages\django_redis\client\default.py", line 185, in set
    raise ConnectionInterrupted(connection=client) from e
django_redis.exceptions.ConnectionInterrupted: Redis ConnectionError: Error while reading from 127.0.0.1:6379 : (10060, '由于连接方在一段时间后没有正确答复或连接的主机没有反应，连接尝试失败。', None, 10060, None)

During handling of the above exception, another exception occurred:

Traceback (most recent call last):
  File "D:\Python3.8\lib\site-packages\django\core\handlers\exception.py", line 47, in inner
    response = get_response(request)
  File "D:\Python3.8\lib\site-packages\django\core\handlers\base.py", line 204, in _get_response
    response = response.render()
  File "D:\Python3.8\lib\site-packages\django\template\response.py", line 107, in render
    newretval = post_callback(retval)
  File "D:\Python3.8\lib\site-packages\django\utils\decorators.py", line 144, in callback
    return middleware.process_response(request, response)
  File "D:\Python3.8\lib\site-packages\django\middleware\cache.py", line 112, in process_response
    lambda r: self.cache.set(cache_key, r, timeout)
  File "D:\Python3.8\lib\site-packages\django\template\response.py", line 92, in add_post_render_callback
    callback(self)
  File "D:\Python3.8\lib\site-packages\django\middleware\cache.py", line 112, in <lambda>
    lambda r: self.cache.set(cache_key, r, timeout)
  File "D:\Python3.8\lib\site-packages\django_redis\cache.py", line 38, in _decorator
    raise e.__cause__
  File "D:\Python3.8\lib\site-packages\django_redis\client\default.py", line 175, in set
    return bool(client.set(nkey, nvalue, nx=nx, px=timeout, xx=xx))
  File "D:\Python3.8\lib\site-packages\redis\commands\core.py", line 2214, in set
    return self.execute_command("SET", *pieces, **options)
  File "D:\Python3.8\lib\site-packages\redis\client.py", line 1239, in execute_command
    lambda error: self._disconnect_raise(conn, error),
  File "D:\Python3.8\lib\site-packages\redis\retry.py", line 49, in call_with_retry
    fail(error)
  File "D:\Python3.8\lib\site-packages\redis\client.py", line 1239, in <lambda>
    lambda error: self._disconnect_raise(conn, error),
  File "D:\Python3.8\lib\site-packages\redis\client.py", line 1225, in _disconnect_raise
    raise error
  File "D:\Python3.8\lib\site-packages\redis\retry.py", line 46, in call_with_retry
    return do()
  File "D:\Python3.8\lib\site-packages\redis\client.py", line 1237, in <lambda>
    conn, command_name, *args, **options
  File "D:\Python3.8\lib\site-packages\redis\client.py", line 1212, in _send_command_parse_response
    return self.parse_response(conn, command_name, **options)
  File "D:\Python3.8\lib\site-packages\redis\client.py", line 1251, in parse_response
    response = connection.read_response()
  File "D:\Python3.8\lib\site-packages\redis\connection.py", line 828, in read_response
    raise ConnectionError(f"Error while reading from {hosterr}" f" : {e.args}")
redis.exceptions.ConnectionError: Error while reading from 127.0.0.1:6379 : (10060, '由于连接方在一段时间后没有正确答复或连接的主机没有反应，连接尝试失败。', None, 10060, None)
ERROR 2022-06-02 14:19:26,248 basehttp:161 "GET /test HTTP/1.1" 500 195432
INFO 2022-06-02 14:19:26,249 basehttp:75 - Broken pipe from ('127.0.0.1', 1798)

ERROR 2022-06-02 14:19:27,038 log:230 Internal Server Error: /test
Traceback (most recent call last):
  File "D:\Python3.8\lib\site-packages\django_redis\cache.py", line 31, in _decorator
    return method(self, *args, **kwargs)
  File "D:\Python3.8\lib\site-packages\django_redis\cache.py", line 80, in set
    return self.client.set(*args, **kwargs)
  File "D:\Python3.8\lib\site-packages\django_redis\client\default.py", line 185, in set
    raise ConnectionInterrupted(connection=client) from e
django_redis.exceptions.ConnectionInterrupted: Redis ConnectionError: Error while reading from 127.0.0.1:6379 : (10060, '由于连接方在一段时间后没有正确答复或连接的主机没有反应，连接尝试失败。', None, 10060, None)

During handling of the above exception, another exception occurred:

Traceback (most recent call last):
  File "D:\Python3.8\lib\site-packages\django\core\handlers\exception.py", line 47, in inner
    response = get_response(request)
  File "D:\Python3.8\lib\site-packages\django\core\handlers\base.py", line 204, in _get_response
    response = response.render()
  File "D:\Python3.8\lib\site-packages\django\template\response.py", line 107, in render
    newretval = post_callback(retval)
  File "D:\Python3.8\lib\site-packages\django\utils\decorators.py", line 144, in callback
    return middleware.process_response(request, response)
  File "D:\Python3.8\lib\site-packages\django\middleware\cache.py", line 112, in process_response
    lambda r: self.cache.set(cache_key, r, timeout)
  File "D:\Python3.8\lib\site-packages\django\template\response.py", line 92, in add_post_render_callback
    callback(self)
  File "D:\Python3.8\lib\site-packages\django\middleware\cache.py", line 112, in <lambda>
    lambda r: self.cache.set(cache_key, r, timeout)
  File "D:\Python3.8\lib\site-packages\django_redis\cache.py", line 38, in _decorator
    raise e.__cause__
  File "D:\Python3.8\lib\site-packages\django_redis\client\default.py", line 175, in set
    return bool(client.set(nkey, nvalue, nx=nx, px=timeout, xx=xx))
  File "D:\Python3.8\lib\site-packages\redis\commands\core.py", line 2214, in set
    return self.execute_command("SET", *pieces, **options)
  File "D:\Python3.8\lib\site-packages\redis\client.py", line 1239, in execute_command
    lambda error: self._disconnect_raise(conn, error),
  File "D:\Python3.8\lib\site-packages\redis\retry.py", line 49, in call_with_retry
    fail(error)
  File "D:\Python3.8\lib\site-packages\redis\client.py", line 1239, in <lambda>
    lambda error: self._disconnect_raise(conn, error),
  File "D:\Python3.8\lib\site-packages\redis\client.py", line 1225, in _disconnect_raise
    raise error
  File "D:\Python3.8\lib\site-packages\redis\retry.py", line 46, in call_with_retry
    return do()
  File "D:\Python3.8\lib\site-packages\redis\client.py", line 1237, in <lambda>
    conn, command_name, *args, **options
  File "D:\Python3.8\lib\site-packages\redis\client.py", line 1212, in _send_command_parse_response
    return self.parse_response(conn, command_name, **options)
  File "D:\Python3.8\lib\site-packages\redis\client.py", line 1251, in parse_response
    response = connection.read_response()
  File "D:\Python3.8\lib\site-packages\redis\connection.py", line 828, in read_response
    raise ConnectionError(f"Error while reading from {hosterr}" f" : {e.args}")
redis.exceptions.ConnectionError: Error while reading from 127.0.0.1:6379 : (10060, '由于连接方在一段时间后没有正确答复或连接的主机没有反应，连接尝试失败。', None, 10060, None)
ERROR 2022-06-02 14:19:27,039 basehttp:161 "GET /test HTTP/1.1" 500 195432
INFO 2022-06-02 14:20:49,729 autoreload:637 Watching for file changes with StatReloader
INFO 2022-06-02 14:20:52,642 basehttp:161 "GET /test HTTP/1.1" 200 5115
INFO 2022-06-02 14:20:52,656 basehttp:161 "GET /static/rest_framework/css/bootstrap.min.css HTTP/1.1" 304 0
INFO 2022-06-02 14:20:52,656 basehttp:161 "GET /static/rest_framework/css/bootstrap-tweaks.css HTTP/1.1" 304 0
INFO 2022-06-02 14:20:52,658 basehttp:161 "GET /static/rest_framework/css/prettify.css HTTP/1.1" 304 0
INFO 2022-06-02 14:20:52,661 basehttp:161 "GET /static/rest_framework/css/default.css HTTP/1.1" 304 0
INFO 2022-06-02 14:20:52,662 basehttp:161 "GET /static/rest_framework/js/csrf.js HTTP/1.1" 304 0
INFO 2022-06-02 14:20:52,662 basehttp:161 "GET /static/rest_framework/js/bootstrap.min.js HTTP/1.1" 304 0
INFO 2022-06-02 14:20:52,662 basehttp:161 "GET /static/rest_framework/js/prettify-min.js HTTP/1.1" 304 0
INFO 2022-06-02 14:20:52,663 basehttp:161 "GET /static/rest_framework/js/jquery-3.5.1.min.js HTTP/1.1" 304 0
INFO 2022-06-02 14:20:52,663 basehttp:161 "GET /static/rest_framework/js/ajax-form.js HTTP/1.1" 304 0
INFO 2022-06-02 14:20:52,664 basehttp:161 "GET /static/rest_framework/js/default.js HTTP/1.1" 304 0
INFO 2022-06-02 14:20:52,666 basehttp:161 "GET /static/rest_framework/img/grid.png HTTP/1.1" 304 0
INFO 2022-06-02 14:21:18,144 autoreload:251 C:\Users\blde\Desktop\Dandelion_light\fuguangapi\fuguangapi\settings\dev.py changed, reloading.
INFO 2022-06-02 14:21:18,707 autoreload:637 Watching for file changes with StatReloader
INFO 2022-06-02 14:21:20,199 autoreload:637 Watching for file changes with StatReloader
INFO 2022-06-02 14:21:21,256 basehttp:161 "GET /test HTTP/1.1" 200 5115
INFO 2022-06-02 14:21:22,201 basehttp:161 "GET /test HTTP/1.1" 200 5115
INFO 2022-06-02 14:21:22,764 basehttp:161 "GET /test HTTP/1.1" 200 5115
INFO 2022-06-02 14:21:23,122 basehttp:161 "GET /test HTTP/1.1" 200 5115
INFO 2022-06-02 14:21:23,327 basehttp:161 "GET /test HTTP/1.1" 200 5115
INFO 2022-06-02 14:21:23,504 basehttp:161 "GET /test HTTP/1.1" 200 5115
INFO 2022-06-02 14:21:23,681 basehttp:161 "GET /test HTTP/1.1" 200 5115
INFO 2022-06-02 14:21:23,883 basehttp:161 "GET /test HTTP/1.1" 200 5115
INFO 2022-06-02 14:21:24,089 basehttp:161 "GET /test HTTP/1.1" 200 5115
INFO 2022-06-02 14:21:24,261 basehttp:161 "GET /test HTTP/1.1" 200 5115
INFO 2022-06-02 14:21:24,437 basehttp:161 "GET /test HTTP/1.1" 200 5115
INFO 2022-06-02 14:21:24,607 basehttp:161 "GET /test HTTP/1.1" 200 5115
INFO 2022-06-02 14:21:24,766 basehttp:161 "GET /test HTTP/1.1" 200 5115
INFO 2022-06-02 14:21:24,925 basehttp:161 "GET /test HTTP/1.1" 200 5115
INFO 2022-06-02 14:42:02,725 autoreload:637 Watching for file changes with StatReloader
INFO 2022-06-02 14:42:45,429 basehttp:161 "GET /nav/header HTTP/1.1" 200 6000
INFO 2022-06-02 15:12:39,220 autoreload:251 C:\Users\blde\Desktop\Dandelion_light\fuguangapi\fuguangapi\settings\dev.py changed, reloading.
INFO 2022-06-02 15:12:39,876 autoreload:637 Watching for file changes with StatReloader
INFO 2022-06-02 15:14:57,494 autoreload:251 C:\Users\blde\Desktop\Dandelion_light\fuguangapi\fuguangapi\urls.py changed, reloading.
INFO 2022-06-02 15:14:58,117 autoreload:637 Watching for file changes with StatReloader
INFO 2022-06-02 15:15:31,660 autoreload:251 C:\Users\blde\Desktop\Dandelion_light\fuguangapi\fuguangapi\apps\home\models.py changed, reloading.
INFO 2022-06-02 15:15:32,295 autoreload:637 Watching for file changes with StatReloader
INFO 2022-06-02 15:16:23,717 autoreload:251 C:\Users\blde\Desktop\Dandelion_light\fuguangapi\fuguangapi\apps\home\serializers.py changed, reloading.
INFO 2022-06-02 15:16:24,361 autoreload:637 Watching for file changes with StatReloader
INFO 2022-06-02 15:17:35,401 autoreload:251 C:\Users\blde\Desktop\Dandelion_light\fuguangapi\fuguangapi\apps\home\views.py changed, reloading.
INFO 2022-06-02 15:17:36,045 autoreload:637 Watching for file changes with StatReloader
INFO 2022-06-02 15:18:30,212 autoreload:251 C:\Users\blde\Desktop\Dandelion_light\fuguangapi\fuguangapi\settings\constants.py changed, reloading.
INFO 2022-06-02 15:18:30,823 autoreload:637 Watching for file changes with StatReloader
INFO 2022-06-02 15:19:31,472 autoreload:637 Watching for file changes with StatReloader
INFO 2022-06-02 15:19:59,567 basehttp:161 "GET /banner HTTP/1.1" 200 6663
INFO 2022-06-02 15:19:59,588 basehttp:161 "GET /static/rest_framework/css/bootstrap-tweaks.css HTTP/1.1" 304 0
INFO 2022-06-02 15:19:59,588 basehttp:161 "GET /static/rest_framework/css/bootstrap.min.css HTTP/1.1" 304 0
INFO 2022-06-02 15:19:59,588 basehttp:161 "GET /static/rest_framework/css/prettify.css HTTP/1.1" 304 0
INFO 2022-06-02 15:19:59,589 basehttp:161 "GET /static/rest_framework/css/default.css HTTP/1.1" 304 0
INFO 2022-06-02 15:19:59,591 basehttp:161 "GET /static/rest_framework/js/jquery-3.5.1.min.js HTTP/1.1" 304 0
INFO 2022-06-02 15:19:59,593 basehttp:161 "GET /static/rest_framework/js/bootstrap.min.js HTTP/1.1" 304 0
INFO 2022-06-02 15:19:59,594 basehttp:161 "GET /static/rest_framework/js/ajax-form.js HTTP/1.1" 304 0
INFO 2022-06-02 15:19:59,594 basehttp:161 "GET /static/rest_framework/js/csrf.js HTTP/1.1" 304 0
INFO 2022-06-02 15:19:59,595 basehttp:161 "GET /static/rest_framework/js/prettify-min.js HTTP/1.1" 304 0
INFO 2022-06-02 15:19:59,595 basehttp:161 "GET /static/rest_framework/js/default.js HTTP/1.1" 304 0
INFO 2022-06-02 15:19:59,597 basehttp:161 "GET /static/rest_framework/img/grid.png HTTP/1.1" 304 0
WARNING 2022-06-02 15:20:23,784 log:230 Not Found: /uploads/banner/2021/2.jpg
WARNING 2022-06-02 15:20:23,784 basehttp:161 "GET /uploads/banner/2021/2.jpg HTTP/1.1" 404 2517
INFO 2022-06-02 15:23:10,151 autoreload:251 C:\Users\blde\Desktop\Dandelion_light\fuguangapi\fuguangapi\settings\dev.py changed, reloading.
INFO 2022-06-02 15:23:10,764 autoreload:637 Watching for file changes with StatReloader
INFO 2022-06-02 16:07:31,023 autoreload:637 Watching for file changes with StatReloader
INFO 2022-06-02 16:11:46,996 autoreload:251 C:\Users\blde\Desktop\Dandelion_light\fuguangapi\fuguangapi\apps\users\models.py changed, reloading.
INFO 2022-06-02 16:11:47,646 autoreload:637 Watching for file changes with StatReloader
INFO 2022-06-02 16:13:02,779 autoreload:251 C:\Users\blde\Desktop\Dandelion_light\fuguangapi\fuguangapi\settings\dev.py changed, reloading.
INFO 2022-06-02 16:13:03,503 autoreload:637 Watching for file changes with StatReloader
INFO 2022-06-02 16:33:35,846 autoreload:251 D:\Python3.8\Lib\site-packages\django\contrib\auth\migrations\0001_initial.py changed, reloading.
INFO 2022-06-02 16:33:36,457 autoreload:637 Watching for file changes with StatReloader
INFO 2022-06-02 16:39:19,629 autoreload:251 C:\Users\blde\Desktop\Dandelion_light\fuguangapi\fuguangapi\settings\dev.py changed, reloading.
INFO 2022-06-02 16:39:20,352 autoreload:637 Watching for file changes with StatReloader
INFO 2022-06-02 16:40:42,859 autoreload:251 C:\Users\blde\Desktop\Dandelion_light\fuguangapi\fuguangapi\settings\dev.py changed, reloading.
INFO 2022-06-02 16:40:43,499 autoreload:637 Watching for file changes with StatReloader
INFO 2022-06-02 16:43:29,962 autoreload:251 C:\Users\blde\Desktop\Dandelion_light\fuguangapi\fuguangapi\apps\users\urls.py changed, reloading.
INFO 2022-06-02 16:43:30,592 autoreload:637 Watching for file changes with StatReloader
INFO 2022-06-02 16:43:38,973 autoreload:637 Watching for file changes with StatReloader
INFO 2022-06-02 17:27:31,925 autoreload:637 Watching for file changes with StatReloader
INFO 2022-06-02 17:47:02,369 autoreload:251 C:\Users\blde\Desktop\Dandelion_light\fuguangapi\fuguangapi\settings\dev.py changed, reloading.
INFO 2022-06-02 17:47:03,357 autoreload:637 Watching for file changes with StatReloader
WARNING 2022-06-02 17:48:38,331 log:230 Not Found: /user/login
WARNING 2022-06-02 17:48:38,332 basehttp:161 "POST /user/login?username=root HTTP/1.1" 404 2825
WARNING 2022-06-02 17:49:00,640 log:230 Not Found: /user/login
WARNING 2022-06-02 17:49:00,641 basehttp:161 "POST /user/login HTTP/1.1" 404 2811
WARNING 2022-06-02 17:51:11,122 log:230 Not Found: /user/login
WARNING 2022-06-02 17:51:11,122 basehttp:161 "POST /user/login HTTP/1.1" 404 2811
INFO 2022-06-02 18:03:05,261 autoreload:637 Watching for file changes with StatReloader
WARNING 2022-06-02 18:03:36,410 log:230 Bad Request: /users/login
WARNING 2022-06-02 18:03:36,410 basehttp:161 "POST /users/login HTTP/1.1" 400 79
WARNING 2022-06-02 18:04:04,101 log:230 Bad Request: /users/login
WARNING 2022-06-02 18:04:04,102 basehttp:161 "POST /users/login HTTP/1.1" 400 68
WARNING 2022-06-02 18:06:55,531 log:230 Not Found: /users/authorizations
WARNING 2022-06-02 18:06:55,531 basehttp:161 "POST /users/authorizations HTTP/1.1" 404 2893
WARNING 2022-06-02 18:06:56,939 log:230 Not Found: /users/authorizations
WARNING 2022-06-02 18:06:56,939 basehttp:161 "POST /users/authorizations HTTP/1.1" 404 2893
INFO 2022-06-02 18:14:22,387 autoreload:251 C:\Users\blde\Desktop\Dandelion_light\fuguangapi\fuguangapi\settings\dev.py changed, reloading.
INFO 2022-06-02 18:14:23,058 autoreload:637 Watching for file changes with StatReloader
INFO 2022-06-02 18:30:40,068 autoreload:251 C:\Users\blde\Desktop\Dandelion_light\fuguangapi\fuguangapi\apps\users\urls.py changed, reloading.
INFO 2022-06-02 18:30:40,673 autoreload:637 Watching for file changes with StatReloader
INFO 2022-06-02 18:30:58,650 autoreload:251 C:\Users\blde\Desktop\Dandelion_light\fuguangapi\fuguangapi\apps\users\urls.py changed, reloading.
INFO 2022-06-02 18:30:59,288 autoreload:637 Watching for file changes with StatReloader
WARNING 2022-06-02 18:31:48,032 log:230 Not Found: /users/authorizations
WARNING 2022-06-02 18:31:48,032 basehttp:161 "POST /users/authorizations HTTP/1.1" 404 2893
ERROR 2022-06-02 18:32:00,458 log:230 Internal Server Error: /users/login
Traceback (most recent call last):
  File "D:\Python3.8\lib\site-packages\django\utils\module_loading.py", line 20, in import_string
    return getattr(module, class_name)
AttributeError: module 'fuguangapi.utils.authenticate' has no attribute 'CustomAuthBackend'

The above exception was the direct cause of the following exception:

Traceback (most recent call last):
  File "D:\Python3.8\lib\site-packages\django\core\handlers\exception.py", line 47, in inner
    response = get_response(request)
  File "D:\Python3.8\lib\site-packages\django\core\handlers\base.py", line 181, in _get_response
    response = wrapped_callback(request, *callback_args, **callback_kwargs)
  File "D:\Python3.8\lib\site-packages\django\views\decorators\csrf.py", line 54, in wrapped_view
    return view_func(*args, **kwargs)
  File "D:\Python3.8\lib\site-packages\django\views\generic\base.py", line 70, in view
    return self.dispatch(request, *args, **kwargs)
  File "D:\Python3.8\lib\site-packages\rest_framework\views.py", line 509, in dispatch
    response = self.handle_exception(exc)
  File "D:\Python3.8\lib\site-packages\rest_framework\views.py", line 469, in handle_exception
    self.raise_uncaught_exception(exc)
  File "D:\Python3.8\lib\site-packages\rest_framework\views.py", line 480, in raise_uncaught_exception
    raise exc
  File "D:\Python3.8\lib\site-packages\rest_framework\views.py", line 506, in dispatch
    response = handler(request, *args, **kwargs)
  File "C:\Users\blde\Desktop\Dandelion_light\fuguangapi\fuguangapi\apps\users\views.py", line 9, in post
    return super().post(request, *args, **kwargs)
  File "D:\Python3.8\lib\site-packages\rest_framework_jwt\views.py", line 57, in post
    if serializer.is_valid():
  File "D:\Python3.8\lib\site-packages\rest_framework\serializers.py", line 227, in is_valid
    self._validated_data = self.run_validation(self.initial_data)
  File "D:\Python3.8\lib\site-packages\rest_framework\serializers.py", line 429, in run_validation
    value = self.validate(value)
  File "D:\Python3.8\lib\site-packages\rest_framework_jwt\serializers.py", line 50, in validate
    user = authenticate(**credentials)
  File "D:\Python3.8\lib\site-packages\django\views\decorators\debug.py", line 42, in sensitive_variables_wrapper
    return func(*func_args, **func_kwargs)
  File "D:\Python3.8\lib\site-packages\django\contrib\auth\__init__.py", line 68, in authenticate
    for backend, backend_path in _get_backends(return_tuples=True):
  File "D:\Python3.8\lib\site-packages\django\contrib\auth\__init__.py", line 27, in _get_backends
    backend = load_backend(backend_path)
  File "D:\Python3.8\lib\site-packages\django\contrib\auth\__init__.py", line 21, in load_backend
    return import_string(path)()
  File "D:\Python3.8\lib\site-packages\django\utils\module_loading.py", line 24, in import_string
    ) from err
ImportError: Module "fuguangapi.utils.authenticate" does not define a "CustomAuthBackend" attribute/class
ERROR 2022-06-02 18:32:00,461 basehttp:161 "POST /users/login HTTP/1.1" 500 136526
ERROR 2022-06-02 18:32:02,387 log:230 Internal Server Error: /users/login
Traceback (most recent call last):
  File "D:\Python3.8\lib\site-packages\django\utils\module_loading.py", line 20, in import_string
    return getattr(module, class_name)
AttributeError: module 'fuguangapi.utils.authenticate' has no attribute 'CustomAuthBackend'

The above exception was the direct cause of the following exception:

Traceback (most recent call last):
  File "D:\Python3.8\lib\site-packages\django\core\handlers\exception.py", line 47, in inner
    response = get_response(request)
  File "D:\Python3.8\lib\site-packages\django\core\handlers\base.py", line 181, in _get_response
    response = wrapped_callback(request, *callback_args, **callback_kwargs)
  File "D:\Python3.8\lib\site-packages\django\views\decorators\csrf.py", line 54, in wrapped_view
    return view_func(*args, **kwargs)
  File "D:\Python3.8\lib\site-packages\django\views\generic\base.py", line 70, in view
    return self.dispatch(request, *args, **kwargs)
  File "D:\Python3.8\lib\site-packages\rest_framework\views.py", line 509, in dispatch
    response = self.handle_exception(exc)
  File "D:\Python3.8\lib\site-packages\rest_framework\views.py", line 469, in handle_exception
    self.raise_uncaught_exception(exc)
  File "D:\Python3.8\lib\site-packages\rest_framework\views.py", line 480, in raise_uncaught_exception
    raise exc
  File "D:\Python3.8\lib\site-packages\rest_framework\views.py", line 506, in dispatch
    response = handler(request, *args, **kwargs)
  File "C:\Users\blde\Desktop\Dandelion_light\fuguangapi\fuguangapi\apps\users\views.py", line 9, in post
    return super().post(request, *args, **kwargs)
  File "D:\Python3.8\lib\site-packages\rest_framework_jwt\views.py", line 57, in post
    if serializer.is_valid():
  File "D:\Python3.8\lib\site-packages\rest_framework\serializers.py", line 227, in is_valid
    self._validated_data = self.run_validation(self.initial_data)
  File "D:\Python3.8\lib\site-packages\rest_framework\serializers.py", line 429, in run_validation
    value = self.validate(value)
  File "D:\Python3.8\lib\site-packages\rest_framework_jwt\serializers.py", line 50, in validate
    user = authenticate(**credentials)
  File "D:\Python3.8\lib\site-packages\django\views\decorators\debug.py", line 42, in sensitive_variables_wrapper
    return func(*func_args, **func_kwargs)
  File "D:\Python3.8\lib\site-packages\django\contrib\auth\__init__.py", line 68, in authenticate
    for backend, backend_path in _get_backends(return_tuples=True):
  File "D:\Python3.8\lib\site-packages\django\contrib\auth\__init__.py", line 27, in _get_backends
    backend = load_backend(backend_path)
  File "D:\Python3.8\lib\site-packages\django\contrib\auth\__init__.py", line 21, in load_backend
    return import_string(path)()
  File "D:\Python3.8\lib\site-packages\django\utils\module_loading.py", line 24, in import_string
    ) from err
ImportError: Module "fuguangapi.utils.authenticate" does not define a "CustomAuthBackend" attribute/class
ERROR 2022-06-02 18:32:02,388 basehttp:161 "POST /users/login HTTP/1.1" 500 136526
INFO 2022-06-02 18:32:09,842 autoreload:637 Watching for file changes with StatReloader
ERROR 2022-06-02 18:32:23,536 log:230 Internal Server Error: /users/login
Traceback (most recent call last):
  File "D:\Python3.8\lib\site-packages\django\utils\module_loading.py", line 20, in import_string
    return getattr(module, class_name)
AttributeError: module 'fuguangapi.utils.authenticate' has no attribute 'CustomAuthBackend'

The above exception was the direct cause of the following exception:

Traceback (most recent call last):
  File "D:\Python3.8\lib\site-packages\django\core\handlers\exception.py", line 47, in inner
    response = get_response(request)
  File "D:\Python3.8\lib\site-packages\django\core\handlers\base.py", line 181, in _get_response
    response = wrapped_callback(request, *callback_args, **callback_kwargs)
  File "D:\Python3.8\lib\site-packages\django\views\decorators\csrf.py", line 54, in wrapped_view
    return view_func(*args, **kwargs)
  File "D:\Python3.8\lib\site-packages\django\views\generic\base.py", line 70, in view
    return self.dispatch(request, *args, **kwargs)
  File "D:\Python3.8\lib\site-packages\rest_framework\views.py", line 509, in dispatch
    response = self.handle_exception(exc)
  File "D:\Python3.8\lib\site-packages\rest_framework\views.py", line 469, in handle_exception
    self.raise_uncaught_exception(exc)
  File "D:\Python3.8\lib\site-packages\rest_framework\views.py", line 480, in raise_uncaught_exception
    raise exc
  File "D:\Python3.8\lib\site-packages\rest_framework\views.py", line 506, in dispatch
    response = handler(request, *args, **kwargs)
  File "C:\Users\blde\Desktop\Dandelion_light\fuguangapi\fuguangapi\apps\users\views.py", line 9, in post
    return super().post(request, *args, **kwargs)
  File "D:\Python3.8\lib\site-packages\rest_framework_jwt\views.py", line 57, in post
    if serializer.is_valid():
  File "D:\Python3.8\lib\site-packages\rest_framework\serializers.py", line 227, in is_valid
    self._validated_data = self.run_validation(self.initial_data)
  File "D:\Python3.8\lib\site-packages\rest_framework\serializers.py", line 429, in run_validation
    value = self.validate(value)
  File "D:\Python3.8\lib\site-packages\rest_framework_jwt\serializers.py", line 50, in validate
    user = authenticate(**credentials)
  File "D:\Python3.8\lib\site-packages\django\views\decorators\debug.py", line 42, in sensitive_variables_wrapper
    return func(*func_args, **func_kwargs)
  File "D:\Python3.8\lib\site-packages\django\contrib\auth\__init__.py", line 68, in authenticate
    for backend, backend_path in _get_backends(return_tuples=True):
  File "D:\Python3.8\lib\site-packages\django\contrib\auth\__init__.py", line 27, in _get_backends
    backend = load_backend(backend_path)
  File "D:\Python3.8\lib\site-packages\django\contrib\auth\__init__.py", line 21, in load_backend
    return import_string(path)()
  File "D:\Python3.8\lib\site-packages\django\utils\module_loading.py", line 24, in import_string
    ) from err
ImportError: Module "fuguangapi.utils.authenticate" does not define a "CustomAuthBackend" attribute/class
ERROR 2022-06-02 18:32:23,538 basehttp:161 "POST /users/login HTTP/1.1" 500 136526
INFO 2022-06-02 18:37:41,337 autoreload:251 C:\Users\blde\Desktop\Dandelion_light\fuguangapi\fuguangapi\utils\authenticate.py changed, reloading.
INFO 2022-06-02 18:37:42,114 autoreload:637 Watching for file changes with StatReloader
INFO 2022-06-02 18:37:49,797 autoreload:637 Watching for file changes with StatReloader
WARNING 2022-06-02 18:37:52,092 log:230 Bad Request: /users/login
WARNING 2022-06-02 18:37:52,092 basehttp:161 "POST /users/login HTTP/1.1" 400 68
WARNING 2022-06-02 18:57:52,892 log:230 Bad Request: /users/login
WARNING 2022-06-02 18:57:52,892 basehttp:161 "POST /users/login HTTP/1.1" 400 40
WARNING 2022-06-02 18:57:54,941 log:230 Bad Request: /users/login
WARNING 2022-06-02 18:57:54,941 basehttp:161 "POST /users/login HTTP/1.1" 400 40
INFO 2022-06-02 18:58:31,599 autoreload:637 Watching for file changes with StatReloader
WARNING 2022-06-02 18:58:42,327 log:230 Bad Request: /users/login
WARNING 2022-06-02 18:58:42,328 basehttp:161 "POST /users/login HTTP/1.1" 400 68
WARNING 2022-06-02 18:58:44,621 log:230 Bad Request: /users/login
WARNING 2022-06-02 18:58:44,622 basehttp:161 "POST /users/login HTTP/1.1" 400 68
WARNING 2022-06-02 18:58:52,161 log:230 Bad Request: /users/login
WARNING 2022-06-02 18:58:52,162 basehttp:161 "POST /users/login HTTP/1.1" 400 68
INFO 2022-06-02 18:59:02,904 autoreload:637 Watching for file changes with StatReloader
INFO 2022-06-02 19:00:45,781 autoreload:637 Watching for file changes with StatReloader
WARNING 2022-06-02 19:02:17,045 log:230 Bad Request: /users/login
WARNING 2022-06-02 19:02:17,046 basehttp:161 "POST /users/login HTTP/1.1" 400 68
INFO 2022-06-02 19:26:03,527 autoreload:637 Watching for file changes with StatReloader
INFO 2022-06-02 19:26:48,581 autoreload:637 Watching for file changes with StatReloader
INFO 2022-06-02 19:29:10,598 autoreload:637 Watching for file changes with StatReloader
INFO 2022-06-02 19:29:49,827 autoreload:637 Watching for file changes with StatReloader
INFO 2022-06-02 19:29:52,813 basehttp:161 "POST /users/login HTTP/1.1" 200 219
